<?xml version="1.0" encoding="UTF-8"?>
<!-- Generated by org.testng.reporters.JUnitXMLReporter -->
<testsuite ignored="0" hostname="RONIT" failures="1" tests="3" name="Error Validations Test" time="46.237" errors="0" timestamp="2024-03-17T14:24:53 IST">
  <testcase classname="tests.ErrorValidationTest" name="LoginErrorValidations" time="1.922">
    <skipped/>
  </testcase> <!-- LoginErrorValidations -->
  <testcase classname="tests.ErrorValidationTest" name="LoginErrorValidations" time="0.973">
    <failure type="java.lang.AssertionError" message="expected [Incorrect email or password] but found [Incorrect email or password.]">
      <![CDATA[java.lang.AssertionError: expected [Incorrect email or password] but found [Incorrect email or password.]
at tests.ErrorValidationTest.LoginErrorValidations(ErrorValidationTest.java:22)
at java.base/java.util.ArrayList.forEach(ArrayList.java:1511)
at java.base/java.util.concurrent.FutureTask.run(FutureTask.java:264)
at java.base/java.util.concurrent.ThreadPoolExecutor.runWorker(ThreadPoolExecutor.java:1136)
at java.base/java.util.concurrent.ThreadPoolExecutor$Worker.run(ThreadPoolExecutor.java:635)
at java.base/java.lang.Thread.run(Thread.java:840)
... Removed 23 stack frames]]>
    </failure>
  </testcase> <!-- LoginErrorValidations -->
  <testcase classname="tests.ErrorValidationTest" name="ProductErrorValidations" time="16.311"/>
</testsuite> <!-- Error Validations Test -->
